C:\Program Files\Microsoft Visual Studio\2022\Community\MSBuild\Microsoft\VC\v170\Microsoft.CppBuild.targets(531,5): warning MSB8028: Katalog pośredni (x64\Debug\) zawiera pliki udostępnione z innego projektu (informatyka.vcxproj). Może to spowodować niepoprawne zachowanie podczas oczyszczania i ponownej kompilacji.
  win32_platform.cpp
C:\Users\merph\OneDrive\Pulpit\informatyka\informatyka\renderer.cpp(53,9): warning C4244: "inicjowanie": konwersja z "float" do "int", możliwa utrata danych
C:\Users\merph\OneDrive\Pulpit\informatyka\informatyka\renderer.cpp(54,9): warning C4244: "inicjowanie": konwersja z "float" do "int", możliwa utrata danych
C:\Users\merph\OneDrive\Pulpit\informatyka\informatyka\renderer.cpp(55,9): warning C4244: "inicjowanie": konwersja z "float" do "int", możliwa utrata danych
C:\Users\merph\OneDrive\Pulpit\informatyka\informatyka\renderer.cpp(56,9): warning C4244: "inicjowanie": konwersja z "float" do "int", możliwa utrata danych
C:\Users\merph\OneDrive\Pulpit\informatyka\informatyka\blocks.cpp(10,30): warning C4244: "argument": konwersja z "int" do "float", możliwa utrata danych
C:\Users\merph\OneDrive\Pulpit\informatyka\informatyka\blocks.cpp(10,13): warning C4244: "argument": konwersja z "int" do "float", możliwa utrata danych
C:\Users\merph\OneDrive\Pulpit\informatyka\informatyka\blocks.cpp(11,31): warning C4244: "argument": konwersja z "int" do "float", możliwa utrata danych
C:\Users\merph\OneDrive\Pulpit\informatyka\informatyka\blocks.cpp(11,13): warning C4244: "argument": konwersja z "int" do "float", możliwa utrata danych
C:\Users\merph\OneDrive\Pulpit\informatyka\informatyka\game.cpp(75,34): warning C4244: "=": konwersja z "double" do "float", możliwa utrata danych
C:\Users\merph\OneDrive\Pulpit\informatyka\informatyka\game.cpp(81,20): warning C4244: "=": konwersja z "double" do "float", możliwa utrata danych
C:\Users\merph\OneDrive\Pulpit\informatyka\informatyka\game.cpp(105,17): warning C4244: "argument": konwersja z "int" do "float", możliwa utrata danych
C:\Users\merph\OneDrive\Pulpit\informatyka\informatyka\game.cpp(112,39): warning C4244: "argument": konwersja z "float" do "int", możliwa utrata danych
C:\Users\merph\OneDrive\Pulpit\informatyka\informatyka\game.cpp(112,29): warning C4244: "argument": konwersja z "float" do "int", możliwa utrata danych
C:\Users\merph\OneDrive\Pulpit\informatyka\informatyka\game.cpp(114,154): warning C4804: "<=": niebezpieczne użycie typu "bool" w operacji
C:\Users\merph\OneDrive\Pulpit\informatyka\informatyka\game.cpp(118,51): warning C4244: "=": konwersja z "double" do "float", możliwa utrata danych
C:\Users\merph\OneDrive\Pulpit\informatyka\informatyka\game.cpp(122,51): warning C4244: "=": konwersja z "double" do "float", możliwa utrata danych
C:\Users\merph\OneDrive\Pulpit\informatyka\informatyka\game.cpp(130,51): warning C4244: "=": konwersja z "double" do "float", możliwa utrata danych
C:\Users\merph\OneDrive\Pulpit\informatyka\informatyka\game.cpp(134,51): warning C4244: "=": konwersja z "double" do "float", możliwa utrata danych
  informatyka.vcxproj -> C:\Users\merph\OneDrive\Pulpit\informatyka\x64\Debug\Ol_Hu_2e_inf_projekt.exe
